<?xml version="1.0" encoding="UTF-8"?>
<!-- Generated by org.testng.reporters.JUnitXMLReporter -->
<testsuite ignored="0" hostname="dell-vicky" failures="0" tests="4" name="Default test" time="32.808" errors="0" timestamp="2024-03-10T15:12:45 IST">
  <testcase classname="Bike.Bullet$ktm$honda$royel" name="royel" time="9.279"/>
  <testcase classname="Bike.Bullet$ktm$honda" name="honda" time="16.687"/>
  <testcase classname="Bike.Bullet$ktm" name="ktm" time="4.021"/>
  <testcase classname="Bike.Bullet" name="bullet" time="2.779"/>
</testsuite> <!-- Default test -->
