<?xml version="1.0" encoding="UTF-8"?>
<!-- Generated by org.testng.reporters.JUnitXMLReporter -->
<testsuite ignored="0" hostname="dell-vicky" failures="0" tests="4" name="Test" time="12.084" errors="0" timestamp="2024-03-10T15:38:15 IST">
  <testcase classname="Bike.Bullet" name="bullet" time="11.246"/>
  <testcase classname="Shoe.Pumma" name="pumma" time="11.572"/>
  <testcase classname="Bike.Royel" name="royel" time="11.631"/>
  <testcase classname="Shoe.Nike" name="nike" time="12.054"/>
</testsuite> <!-- Test -->
