<?xml version="1.0" encoding="UTF-8"?>
<testng-results ignored="0" total="4" passed="4" failed="0" skipped="0">
  <reporter-output>
  </reporter-output>
  <suite started-at="2024-03-10T15:38:03 IST" name="Suite" finished-at="2024-03-10T15:38:15 IST" duration-ms="12084">
    <groups>
    </groups>
    <test started-at="2024-03-10T15:38:03 IST" name="Test" finished-at="2024-03-10T15:38:15 IST" duration-ms="12084">
      <class name="Bike.Bullet">
        <test-method signature="bullet()[pri:0, instance:Bike.Bullet@37654521]" started-at="2024-03-10T15:38:03 IST" name="bullet" finished-at="2024-03-10T15:38:14 IST" duration-ms="11246" status="PASS">
          <reporter-output>
          </reporter-output>
        </test-method> <!-- bullet -->
      </class> <!-- Bike.Bullet -->
      <class name="Shoe.Pumma">
        <test-method signature="pumma()[pri:0, instance:Shoe.Pumma@2df9b86]" started-at="2024-03-10T15:38:03 IST" name="pumma" finished-at="2024-03-10T15:38:15 IST" duration-ms="11572" status="PASS">
          <reporter-output>
          </reporter-output>
        </test-method> <!-- pumma -->
      </class> <!-- Shoe.Pumma -->
      <class name="Shoe.Nike">
        <test-method signature="nike()[pri:0, instance:Shoe.Nike@15aab8c6]" started-at="2024-03-10T15:38:03 IST" name="nike" finished-at="2024-03-10T15:38:15 IST" duration-ms="12054" status="PASS">
          <reporter-output>
          </reporter-output>
        </test-method> <!-- nike -->
      </class> <!-- Shoe.Nike -->
      <class name="Bike.Royel">
        <test-method signature="royel()[pri:0, instance:Bike.Royel@693fe6c9]" started-at="2024-03-10T15:38:03 IST" name="royel" finished-at="2024-03-10T15:38:15 IST" duration-ms="11631" status="PASS">
          <reporter-output>
          </reporter-output>
        </test-method> <!-- royel -->
      </class> <!-- Bike.Royel -->
    </test> <!-- Test -->
  </suite> <!-- Suite -->
</testng-results>
